<?xml version="1.0" encoding="UTF-8"?>
<!-- Generated by org.testng.reporters.JUnitXMLReporter -->
<testsuite ignored="0" hostname="DESKTOP-N653JNU" failures="0" tests="3" name="Default test" time="32.207" errors="0" timestamp="2023-04-17T18:40:31 EDT">
  <testcase classname="com.crm.qa.testcases.ContactsPageTest" name="verifyContactsPageLabel" time="0.038"/>
  <testcase classname="com.crm.qa.testcases.ContactsPageTest" name="selectContactsTest" time="2.25"/>
  <testcase classname="com.crm.qa.testcases.ContactsPageTest" name="verifyNewContactCreated" time="7.423"/>
</testsuite> <!-- Default test -->
